Exception at PC 0x00007FFB415AA388
Exception at PC 0x00007FFB415AA388
Exception at PC 0x00007FFB415AA388
Exception at PC 0x00007FFB415AA388
Exception at PC 0x00007FFA96D9E132
Attemped to write at address 0x00007FFAE6904AA4
Printing stacktrace...

[0]  [0x00007FFA96D9E132]
[1]  [0x00007FFA96D9E132]
[2]  [0x00007FFA96D9E194]
[3]  [0x00007FFA969ED0D7]
[4]  [0x00007FFA968D2BCA]
[5]  [0x00007FFA968D2FD1]
[6]  [0x00007FFA96D9EB2F]
[7]  [0x00007FFA96C5C19D]
[8]  [0x00007FFA96C55942]
[9]  [0x00007FFA96C55AB5]
[10] (RtlActivateActivationContextUnsafeFast+0x123) [0x00007FFB44DC4023]
[11] (LdrShutdownProcess+0x125) [0x00007FFB44DD09D5]
[12] (RtlExitUserProcess+0xd8) [0x00007FFB44DD0898]
[13] (FatalExit+0xa) [0x00007FFB4402B19A]
[14] (exit+0x75) [0x00007FFB44109CE5]
[15] (initterm_e+0x235) [0x00007FFB4410A345]
[16]  [0x00000000004014CD]
[17]  [0x000000000040151B]
[18] (BaseThreadInitThunk+0x14) [0x00007FFB44023034]
[19] (RtlUserThreadStart+0x21) [0x00007FFB44E01431]
Done
