Vivado Simulator 2017.4
Copyright 1986-1999, 2001-2016 Xilinx, Inc. All Rights Reserved.
Running: C:/Xilinx/Vivado/2017.4/bin/unwrapped/win64.o/xelab.exe -wto a3af9bf5e804434a863246e8b66d9eaf --incr --debug typical --relax --mt 2 -L xil_defaultlib -L unisims_ver -L secureip --snapshot Top_Pep9CPU_func_impl xil_defaultlib.Top_Pep9CPU xil_defaultlib.glbl -log elaborate.log 
Using 2 slave threads.
Starting static elaboration
Completed static elaboration
Starting simulation data flow analysis
Completed simulation data flow analysis
Time Resolution for simulation is 1ps
Compiling module unisims_ver.OBUF
Compiling module unisims_ver.IBUF
Compiling module unisims_ver.LUT5
Compiling module unisims_ver.FDRE_default
Compiling module unisims_ver.LUT6
Compiling module unisims_ver.x_lut2_mux4
Compiling module unisims_ver.LUT2
Compiling module unisims_ver.LUT4
Compiling module unisims_ver.x_lut3_mux8
Compiling module unisims_ver.LUT3
Compiling module unisims_ver.CARRY4
Compiling module unisims_ver.MUXF7
Compiling module unisims_ver.VCC
Compiling module unisims_ver.x_lut1_mux2
Compiling module unisims_ver.LUT1
Compiling module xil_defaultlib.RegSet
Compiling module unisims_ver.FDRE(INIT=1'b1)
Compiling module xil_defaultlib.Decode
Compiling module xil_defaultlib.ALU
Compiling module xil_defaultlib.Execute
Compiling module unisims_ver.BUFG
Compiling module xil_defaultlib.Top_Pep9CPU
Compiling module xil_defaultlib.glbl
Built simulation snapshot Top_Pep9CPU_func_impl
